<?xml version="1.0" encoding="UTF-8"?>
<!-- Generated by org.testng.reporters.JUnitReportReporter -->
<testsuite skipped="0" hostname="DESKTOP-26L1V7U" name="MagentoTest" tests="1" failures="0" timestamp="13 Oct 2018 05:50:51 GMT" time="42.595" errors="0">
  <testcase name="posCredentials" time="42.595" classname="MagentoTest"/>
</testsuite> <!-- MagentoTest -->
